<?xml version="1.0" encoding="UTF-8"?>
<testsuite xmlns:xsi="http://www.w3.org/2001/XMLSchema-instance" xsi:schemaLocation="https://maven.apache.org/surefire/maven-surefire-plugin/xsd/surefire-test-report.xsd" name="TestSuite" time="76.485" tests="6" errors="0" skipped="4" failures="2">
  <properties>
[...]
</properties>
  <testcase name="setup" classname="com.lambdatest.TestNGTodo2" time="69.874">
    <failure message="Either tunnel is not runing or disconnected. (WARNING: The server did not provide any stacktrace information)&#10;Command duration or timeout: 2.28 seconds&#10;Build info: version: &apos;3.13.0&apos;, revision: &apos;2f0d292&apos;, time: &apos;2018-06-25T15:24:21.231Z&apos;&#10;System info: host: &apos;LT-MBP-036.local&apos;, ip: &apos;192.168.1.4&apos;, os.name: &apos;Mac OS X&apos;, os.arch: &apos;x86_64&apos;, os.version: &apos;14.5&apos;, java.version: &apos;17.0.13&apos;&#10;Driver info: driver.version: RemoteWebDriver" type="org.openqa.selenium.WebDriverException">org.openqa.selenium.WebDriverException: 
Either tunnel is not runing or disconnected. (WARNING: The server did not provide any stacktrace information)
Command duration or timeout: 2.28 seconds
Build info: version: '3.13.0', revision: '2f0d292', time: '2018-06-25T15:24:21.231Z'
System info: host: 'LT-MBP-036.local', ip: '192.168.1.4', os.name: 'Mac OS X', os.arch: 'x86_64', os.version: '14.5', java.version: '17.0.13'
Driver info: driver.version: RemoteWebDriver
	at com.lambdatest.TestNGTodo2.setup(TestNGTodo2.java:106)
</failure>
    <system-out><![CDATA[Found Existing Tunnel Package
Found Existing Tunnel Package
Tunnel Verified
Tunnel Verified
Checking Tunnel Status
Checking Tunnel Status
Tunnel not yet started. Retrying
Tunnel not yet started. Retrying
Checking Tunnel Status
Checking Tunnel Status
Tunnel not yet started. Retrying
Tunnel not yet started. Retrying
Checking Tunnel Status
Checking Tunnel Status
Tunnel not yet started. Retrying
Tunnel not yet started. Retrying
Checking Tunnel Status
Checking Tunnel Status
Tunnel not yet started. Retrying
Tunnel not yet started. Retrying
Checking Tunnel Status
Checking Tunnel Status
Tunnel not yet started. Retrying
Tunnel not yet started. Retrying
Checking Tunnel Status
Checking Tunnel Status
Tunnel not yet started. Retrying
Tunnel not yet started. Retrying
Checking Tunnel Status
Checking Tunnel Status
Tunnel not yet started. Retrying
Tunnel not yet started. Retrying
Checking Tunnel Status
Checking Tunnel Status
Tunnel not yet started. Retrying
Tunnel not yet started. Retrying
Checking Tunnel Status
Checking Tunnel Status
Tunnel not yet started. Retrying
Tunnel not yet started. Retrying
Checking Tunnel Status
Checking Tunnel Status
Tunnel not yet started. Retrying
Tunnel not yet started. Retrying
Checking Tunnel Status
Checking Tunnel Status
Tunnel not yet started. Retrying
Tunnel not yet started. Retrying
Checking Tunnel Status
Checking Tunnel Status
Tunnel not yet started. Retrying
Tunnel not yet started. Retrying
Checking Tunnel Status
Checking Tunnel Status
Tunnel not yet started. Retrying
Tunnel not yet started. Retrying
Checking Tunnel Status
Checking Tunnel Status
Tunnel not yet started. Retrying
Tunnel not yet started. Retrying
Checking Tunnel Status
Checking Tunnel Status
Tunnel not yet started. Retrying
Tunnel not yet started. Retrying
Checking Tunnel Status
Checking Tunnel Status
Tunnel not yet started. Retrying
Tunnel not yet started. Retrying
Checking Tunnel Status
Checking Tunnel Status
Tunnel not yet started. Retrying
Tunnel not yet started. Retrying
Checking Tunnel Status
Checking Tunnel Status
Tunnel not yet started. Retrying
Tunnel not yet started. Retrying
Checking Tunnel Status
Checking Tunnel Status
Tunnel not yet started. Retrying
Tunnel not yet started. Retrying
Checking Tunnel Status
Checking Tunnel Status
Tunnel not yet started. Retrying
Tunnel not yet started. Retrying
Riles copied to .....basicTest_com.lambdatest.TestNGTodo2.py
Riles copied to .....basicTest_com.lambdatest.TestNGTodo3.py
Proxy server started on port 8606
Proxy server started on port 8607
]]></system-out>
    <system-err><![CDATA[SLF4J: Failed to load class "org.slf4j.impl.StaticLoggerBinder".
SLF4J: Defaulting to no-operation (NOP) logger implementation
SLF4J: See http://www.slf4j.org/codes.html#StaticLoggerBinder for further details.
]]></system-err>
  </testcase>
  <testcase name="basicTest" classname="com.lambdatest.TestNGTodo2" time="0">
    <skipped message="Either tunnel is not runing or disconnected. (WARNING: The server did not provide any stacktrace information)&#10;Command duration or timeout: 2.28 seconds&#10;Build info: version: &apos;3.13.0&apos;, revision: &apos;2f0d292&apos;, time: &apos;2018-06-25T15:24:21.231Z&apos;&#10;System info: host: &apos;LT-MBP-036.local&apos;, ip: &apos;192.168.1.4&apos;, os.name: &apos;Mac OS X&apos;, os.arch: &apos;x86_64&apos;, os.version: &apos;14.5&apos;, java.version: &apos;17.0.13&apos;&#10;Driver info: driver.version: RemoteWebDriver"/>
  </testcase>
  <testcase name="tearDown" classname="com.lambdatest.TestNGTodo2" time="0">
    <skipped/>
  </testcase>
  <testcase name="setup" classname="com.lambdatest.TestNGTodo3" time="1.374">
    <failure message="Either tunnel is not runing or disconnected. (WARNING: The server did not provide any stacktrace information)&#10;Command duration or timeout: 3.73 seconds&#10;Build info: version: &apos;3.13.0&apos;, revision: &apos;2f0d292&apos;, time: &apos;2018-06-25T15:24:21.231Z&apos;&#10;System info: host: &apos;LT-MBP-036.local&apos;, ip: &apos;192.168.1.4&apos;, os.name: &apos;Mac OS X&apos;, os.arch: &apos;x86_64&apos;, os.version: &apos;14.5&apos;, java.version: &apos;17.0.13&apos;&#10;Driver info: driver.version: RemoteWebDriver" type="org.openqa.selenium.WebDriverException">org.openqa.selenium.WebDriverException: 
Either tunnel is not runing or disconnected. (WARNING: The server did not provide any stacktrace information)
Command duration or timeout: 3.73 seconds
Build info: version: '3.13.0', revision: '2f0d292', time: '2018-06-25T15:24:21.231Z'
System info: host: 'LT-MBP-036.local', ip: '192.168.1.4', os.name: 'Mac OS X', os.arch: 'x86_64', os.version: '14.5', java.version: '17.0.13'
Driver info: driver.version: RemoteWebDriver
	at com.lambdatest.TestNGTodo3.setup(TestNGTodo3.java:106)
</failure>
  </testcase>
  <testcase name="basicTest" classname="com.lambdatest.TestNGTodo3" time="0">
    <skipped message="Either tunnel is not runing or disconnected. (WARNING: The server did not provide any stacktrace information)&#10;Command duration or timeout: 3.73 seconds&#10;Build info: version: &apos;3.13.0&apos;, revision: &apos;2f0d292&apos;, time: &apos;2018-06-25T15:24:21.231Z&apos;&#10;System info: host: &apos;LT-MBP-036.local&apos;, ip: &apos;192.168.1.4&apos;, os.name: &apos;Mac OS X&apos;, os.arch: &apos;x86_64&apos;, os.version: &apos;14.5&apos;, java.version: &apos;17.0.13&apos;&#10;Driver info: driver.version: RemoteWebDriver"/>
  </testcase>
  <testcase name="tearDown" classname="com.lambdatest.TestNGTodo3" time="0">
    <skipped/>
  </testcase>
</testsuite>